{"meta": {"format": 3, "version": "7.10.7", "timestamp": "2026-01-29T21:12:43.082330", "branch_coverage": false, "show_contexts": false}, "files": {"src\\log_scanner.py": {"executed_lines": [2, 12, 13, 14, 15, 16, 17, 20, 21, 22, 24, 25, 26, 27, 28, 29, 31, 32, 34, 36, 37, 39, 40, 41, 43, 44, 46, 47, 48, 49, 50, 51, 52, 53, 54, 56, 57, 59, 60, 62, 63, 64, 65, 66, 67, 70, 71, 83, 85, 92, 94, 101, 104, 105, 106, 109, 112, 113, 115, 118, 120, 122, 132, 133, 134, 137, 139, 140, 141, 142, 143, 144, 145, 146, 147, 148, 149, 152, 160, 168, 182, 183, 184, 185, 188, 189, 190, 192, 193, 196, 198, 199, 200, 202, 203, 204, 205, 206, 207, 208, 209, 210, 211, 212, 215, 216, 219, 220, 221, 222, 223, 224, 227, 228, 229, 230, 231, 233, 237, 239, 240, 243, 246, 247, 248, 249, 250, 251, 253, 257, 258, 259, 261, 263, 264, 267, 268, 270, 271, 272, 273, 274, 276, 280, 289, 291, 292, 294, 302, 317, 318, 319, 321, 323, 325, 326, 329, 330, 332, 333, 339, 341, 344, 354, 355], "summary": {"covered_lines": 162, "num_statements": 177, "percent_covered": 91.52542372881356, "percent_covered_display": "92", "missing_lines": 15, "excluded_lines": 0}, "missing_lines": [154, 156, 157, 158, 232, 234, 252, 254, 275, 277, 282, 284, 285, 286, 337], "excluded_lines": [], "functions": {"LogScanResult.has_valid_range": {"executed_lines": [34], "summary": {"covered_lines": 1, "num_statements": 1, "percent_covered": 100.0, "percent_covered_display": "100", "missing_lines": 0, "excluded_lines": 0}, "missing_lines": [], "excluded_lines": []}, "LogScanResult.time_span_seconds": {"executed_lines": [39, 40, 41], "summary": {"covered_lines": 3, "num_statements": 3, "percent_covered": 100.0, "percent_covered_display": "100", "missing_lines": 0, "excluded_lines": 0}, "missing_lines": [], "excluded_lines": []}, "LogScanResult.time_span_human": {"executed_lines": [46, 47, 48, 49, 50, 51, 52, 53, 54, 56, 57], "summary": {"covered_lines": 11, "num_statements": 11, "percent_covered": 100.0, "percent_covered_display": "100", "missing_lines": 0, "excluded_lines": 0}, "missing_lines": [], "excluded_lines": []}, "LogScanResult.file_size_human": {"executed_lines": [62, 63, 64, 65, 66, 67], "summary": {"covered_lines": 6, "num_statements": 6, "percent_covered": 100.0, "percent_covered_display": "100", "missing_lines": 0, "excluded_lines": 0}, "missing_lines": [], "excluded_lines": []}, "LogScanner.__init__": {"executed_lines": [92], "summary": {"covered_lines": 1, "num_statements": 1, "percent_covered": 100.0, "percent_covered_display": "100", "missing_lines": 0, "excluded_lines": 0}, "missing_lines": [], "excluded_lines": []}, "LogScanner.scan": {"executed_lines": [101, 104, 105, 106, 109, 112, 113, 115, 118, 120], "summary": {"covered_lines": 10, "num_statements": 10, "percent_covered": 100.0, "percent_covered_display": "100", "missing_lines": 0, "excluded_lines": 0}, "missing_lines": [], "excluded_lines": []}, "LogScanner._scan_full": {"executed_lines": [132, 133, 134, 137, 139, 140, 141, 142, 143, 144, 145, 146, 147, 148, 149, 152, 160], "summary": {"covered_lines": 17, "num_statements": 21, "percent_covered": 80.95238095238095, "percent_covered_display": "81", "missing_lines": 4, "excluded_lines": 0}, "missing_lines": [154, 156, 157, 158], "excluded_lines": []}, "LogScanner._scan_sample": {"executed_lines": [182, 183, 184, 185, 188, 189, 190, 192, 193, 196, 198, 199, 200, 202, 203, 204, 205, 206, 207, 208, 209, 210, 211, 212, 215, 216, 219, 220, 221, 222, 223, 224, 227, 228, 229, 230, 231, 233, 237, 239, 240, 243, 246, 247, 248, 249, 250, 251, 253, 257, 258, 259, 261, 263, 264, 267, 268, 270, 271, 272, 273, 274, 276, 280, 289, 291, 292, 294], "summary": {"covered_lines": 68, "num_statements": 78, "percent_covered": 87.17948717948718, "percent_covered_display": "87", "missing_lines": 10, "excluded_lines": 0}, "missing_lines": [232, 234, 252, 254, 275, 277, 282, 284, 285, 286], "excluded_lines": []}, "LogScanner._parse_timestamp": {"executed_lines": [317, 318, 319, 321, 323, 325, 326, 329, 330, 332, 333, 339, 341], "summary": {"covered_lines": 13, "num_statements": 14, "percent_covered": 92.85714285714286, "percent_covered_display": "93", "missing_lines": 1, "excluded_lines": 0}, "missing_lines": [337], "excluded_lines": []}, "scan_log_file": {"executed_lines": [354, 355], "summary": {"covered_lines": 2, "num_statements": 2, "percent_covered": 100.0, "percent_covered_display": "100", "missing_lines": 0, "excluded_lines": 0}, "missing_lines": [], "excluded_lines": []}, "": {"executed_lines": [2, 12, 13, 14, 15, 16, 17, 20, 21, 22, 24, 25, 26, 27, 28, 29, 31, 32, 36, 37, 43, 44, 59, 60, 70, 71, 83, 85, 94, 122, 168, 302, 344], "summary": {"covered_lines": 30, "num_statements": 30, "percent_covered": 100.0, "percent_covered_display": "100", "missing_lines": 0, "excluded_lines": 0}, "missing_lines": [], "excluded_lines": []}}, "classes": {"LogScanResult": {"executed_lines": [34, 39, 40, 41, 46, 47, 48, 49, 50, 51, 52, 53, 54, 56, 57, 62, 63, 64, 65, 66, 67], "summary": {"covered_lines": 21, "num_statements": 21, "percent_covered": 100.0, "percent_covered_display": "100", "missing_lines": 0, "excluded_lines": 0}, "missing_lines": [], "excluded_lines": []}, "LogScanner": {"executed_lines": [92, 101, 104, 105, 106, 109, 112, 113, 115, 118, 120, 132, 133, 134, 137, 139, 140, 141, 142, 143, 144, 145, 146, 147, 148, 149, 152, 160, 182, 183, 184, 185, 188, 189, 190, 192, 193, 196, 198, 199, 200, 202, 203, 204, 205, 206, 207, 208, 209, 210, 211, 212, 215, 216, 219, 220, 221, 222, 223, 224, 227, 228, 229, 230, 231, 233, 237, 239, 240, 243, 246, 247, 248, 249, 250, 251, 253, 257, 258, 259, 261, 263, 264, 267, 268, 270, 271, 272, 273, 274, 276, 280, 289, 291, 292, 294, 317, 318, 319, 321, 323, 325, 326, 329, 330, 332, 333, 339, 341], "summary": {"covered_lines": 109, "num_statements": 124, "percent_covered": 87.90322580645162, "percent_covered_display": "88", "missing_lines": 15, "excluded_lines": 0}, "missing_lines": [154, 156, 157, 158, 232, 234, 252, 254, 275, 277, 282, 284, 285, 286, 337], "excluded_lines": []}, "": {"executed_lines": [2, 12, 13, 14, 15, 16, 17, 20, 21, 22, 24, 25, 26, 27, 28, 29, 31, 32, 36, 37, 43, 44, 59, 60, 70, 71, 83, 85, 94, 122, 168, 302, 344, 354, 355], "summary": {"covered_lines": 32, "num_statements": 32, "percent_covered": 100.0, "percent_covered_display": "100", "missing_lines": 0, "excluded_lines": 0}, "missing_lines": [], "excluded_lines": []}}}, "src\\logger_instance.py": {"executed_lines": [1, 5], "summary": {"covered_lines": 2, "num_statements": 2, "percent_covered": 100.0, "percent_covered_display": "100", "missing_lines": 0, "excluded_lines": 0}, "missing_lines": [], "excluded_lines": [], "functions": {"": {"executed_lines": [1, 5], "summary": {"covered_lines": 2, "num_statements": 2, "percent_covered": 100.0, "percent_covered_display": "100", "missing_lines": 0, "excluded_lines": 0}, "missing_lines": [], "excluded_lines": []}}, "classes": {"": {"executed_lines": [1, 5], "summary": {"covered_lines": 2, "num_statements": 2, "percent_covered": 100.0, "percent_covered_display": "100", "missing_lines": 0, "excluded_lines": 0}, "missing_lines": [], "excluded_lines": []}}}, "src\\m_print.py": {"executed_lines": [2, 19, 20, 21, 22, 23, 24, 25, 26, 27, 30, 31, 35, 36, 37, 40, 41, 45, 46, 47, 49, 61, 62, 63, 66, 67, 70, 71, 72, 74, 91, 94, 101, 102, 103, 104, 105, 106, 107, 108, 111, 113, 114, 131, 135, 136, 138, 143, 147, 148, 149, 151, 155, 157, 161, 163, 167, 169, 173, 175, 176, 177, 179, 180, 183, 184, 185, 186, 188, 190, 197, 198, 199, 200, 201, 203, 204, 205, 206, 207, 208, 209, 210, 211, 212, 217, 225, 226, 227, 228, 229, 230, 231, 235, 236, 237, 244, 265, 266, 270, 271, 272, 274, 292, 293, 295, 296, 297, 300, 301, 304, 305, 306, 308, 325, 328, 337, 338, 339, 340, 341, 342, 343, 344, 345, 346, 347, 350, 351, 352, 353, 354, 357, 359, 360, 377, 382, 383, 385, 386, 387, 389, 395, 399, 400, 401, 403, 408, 410, 417, 419, 423, 425, 429, 432, 433, 438, 442, 445, 446, 449, 450, 451, 452, 455, 456, 457, 458, 459, 465, 466, 467, 468, 469, 470, 477, 478, 480, 487, 488, 489, 490, 493, 494, 495, 496, 497, 498, 499, 500, 503, 508, 509, 510, 511, 512, 513, 514, 515, 516, 518, 523, 524, 525, 526, 527, 528, 529, 530, 531, 533, 538, 539, 540, 541, 542, 543, 544, 545, 546, 548, 553, 554, 555, 556, 557, 558, 559, 560, 561, 562, 566, 572, 573, 574, 575, 576, 577, 578], "summary": {"covered_lines": 235, "num_statements": 290, "percent_covered": 81.03448275862068, "percent_covered_display": "81", "missing_lines": 55, "excluded_lines": 0}, "missing_lines": [92, 118, 119, 120, 122, 123, 124, 125, 126, 128, 129, 140, 141, 214, 215, 233, 234, 251, 252, 253, 254, 255, 256, 257, 258, 259, 260, 261, 262, 326, 364, 365, 366, 368, 369, 370, 371, 372, 374, 375, 391, 392, 393, 430, 434, 435, 436, 443, 460, 461, 471, 472, 473, 474, 501], "excluded_lines": [], "functions": {"ComLogger.__new__": {"executed_lines": [61, 62, 63, 66, 67, 70, 71, 72], "summary": {"covered_lines": 8, "num_statements": 8, "percent_covered": 100.0, "percent_covered_display": "100", "missing_lines": 0, "excluded_lines": 0}, "missing_lines": [], "excluded_lines": []}, "ComLogger.__init__": {"executed_lines": [91, 94, 101, 102, 103, 104, 105, 106, 107, 108, 111], "summary": {"covered_lines": 11, "num_statements": 12, "percent_covered": 91.66666666666667, "percent_covered_display": "92", "missing_lines": 1, "excluded_lines": 0}, "missing_lines": [92], "excluded_lines": []}, "ComLogger._exit_handler": {"executed_lines": [], "summary": {"covered_lines": 0, "num_statements": 10, "percent_covered": 0.0, "percent_covered_display": "0", "missing_lines": 10, "excluded_lines": 0}, "missing_lines": [118, 119, 120, 122, 123, 124, 125, 126, 128, 129], "excluded_lines": []}, "ComLogger.open_com_file": {"executed_lines": [135, 136, 138], "summary": {"covered_lines": 3, "num_statements": 5, "percent_covered": 60.0, "percent_covered_display": "60", "missing_lines": 2, "excluded_lines": 0}, "missing_lines": [140, 141], "excluded_lines": []}, "ComLogger.close_file": {"executed_lines": [147, 148, 149], "summary": {"covered_lines": 3, "num_statements": 3, "percent_covered": 100.0, "percent_covered_display": "100", "missing_lines": 0, "excluded_lines": 0}, "missing_lines": [], "excluded_lines": []}, "ComLogger.__enter__": {"executed_lines": [155], "summary": {"covered_lines": 1, "num_statements": 1, "percent_covered": 100.0, "percent_covered_display": "100", "missing_lines": 0, "excluded_lines": 0}, "missing_lines": [], "excluded_lines": []}, "ComLogger.__exit__": {"executed_lines": [161], "summary": {"covered_lines": 1, "num_statements": 1, "percent_covered": 100.0, "percent_covered_display": "100", "missing_lines": 0, "excluded_lines": 0}, "missing_lines": [], "excluded_lines": []}, "ComLogger.__del__": {"executed_lines": [167], "summary": {"covered_lines": 1, "num_statements": 1, "percent_covered": 100.0, "percent_covered_display": "100", "missing_lines": 0, "excluded_lines": 0}, "missing_lines": [], "excluded_lines": []}, "ComLogger.rotate_log_file": {"executed_lines": [173, 175, 176, 177, 179, 180, 183, 184, 185, 186, 188], "summary": {"covered_lines": 11, "num_statements": 11, "percent_covered": 100.0, "percent_covered_display": "100", "missing_lines": 0, "excluded_lines": 0}, "missing_lines": [], "excluded_lines": []}, "ComLogger.com_print": {"executed_lines": [197, 198, 199, 200, 201, 203, 204, 205, 206, 207, 208, 209, 210, 211, 212], "summary": {"covered_lines": 15, "num_statements": 17, "percent_covered": 88.23529411764706, "percent_covered_display": "88", "missing_lines": 2, "excluded_lines": 0}, "missing_lines": [214, 215], "excluded_lines": []}, "ComLogger._create_log_message": {"executed_lines": [225, 226, 227, 228, 229, 230, 231, 235, 236, 237], "summary": {"covered_lines": 10, "num_statements": 12, "percent_covered": 83.33333333333333, "percent_covered_display": "83", "missing_lines": 2, "excluded_lines": 0}, "missing_lines": [233, 234], "excluded_lines": []}, "ComLogger._handle_exception": {"executed_lines": [], "summary": {"covered_lines": 0, "num_statements": 12, "percent_covered": 0.0, "percent_covered_display": "0", "missing_lines": 12, "excluded_lines": 0}, "missing_lines": [251, 252, 253, 254, 255, 256, 257, 258, 259, 260, 261, 262], "excluded_lines": []}, "MyLogger.__new__": {"executed_lines": [292, 293, 295, 296, 297, 300, 301, 304, 305, 306], "summary": {"covered_lines": 10, "num_statements": 10, "percent_covered": 100.0, "percent_covered_display": "100", "missing_lines": 0, "excluded_lines": 0}, "missing_lines": [], "excluded_lines": []}, "MyLogger.__init__": {"executed_lines": [325, 328, 337, 338, 339, 340, 341, 342, 343, 344, 345, 346, 347, 350, 351, 352, 353, 354, 357], "summary": {"covered_lines": 19, "num_statements": 20, "percent_covered": 95.0, "percent_covered_display": "95", "missing_lines": 1, "excluded_lines": 0}, "missing_lines": [326], "excluded_lines": []}, "MyLogger._exit_handler": {"executed_lines": [], "summary": {"covered_lines": 0, "num_statements": 10, "percent_covered": 0.0, "percent_covered_display": "0", "missing_lines": 10, "excluded_lines": 0}, "missing_lines": [364, 365, 366, 368, 369, 370, 371, 372, 374, 375], "excluded_lines": []}, "MyLogger.open_file": {"executed_lines": [382, 383, 385, 386, 387, 389], "summary": {"covered_lines": 6, "num_statements": 9, "percent_covered": 66.66666666666667, "percent_covered_display": "67", "missing_lines": 3, "excluded_lines": 0}, "missing_lines": [391, 392, 393], "excluded_lines": []}, "MyLogger.close_file": {"executed_lines": [399, 400, 401], "summary": {"covered_lines": 3, "num_statements": 3, "percent_covered": 100.0, "percent_covered_display": "100", "missing_lines": 0, "excluded_lines": 0}, "missing_lines": [], "excluded_lines": []}, "MyLogger.__enter__": {"executed_lines": [408], "summary": {"covered_lines": 1, "num_statements": 1, "percent_covered": 100.0, "percent_covered_display": "100", "missing_lines": 0, "excluded_lines": 0}, "missing_lines": [], "excluded_lines": []}, "MyLogger.__exit__": {"executed_lines": [417], "summary": {"covered_lines": 1, "num_statements": 1, "percent_covered": 100.0, "percent_covered_display": "100", "missing_lines": 0, "excluded_lines": 0}, "missing_lines": [], "excluded_lines": []}, "MyLogger.__del__": {"executed_lines": [423], "summary": {"covered_lines": 1, "num_statements": 1, "percent_covered": 100.0, "percent_covered_display": "100", "missing_lines": 0, "excluded_lines": 0}, "missing_lines": [], "excluded_lines": []}, "MyLogger.check_and_flush": {"executed_lines": [429, 432, 433], "summary": {"covered_lines": 3, "num_statements": 7, "percent_covered": 42.857142857142854, "percent_covered_display": "43", "missing_lines": 4, "excluded_lines": 0}, "missing_lines": [430, 434, 435, 436], "excluded_lines": []}, "MyLogger.rotate_log_file": {"executed_lines": [442, 445, 446, 449, 450, 451, 452, 455, 456, 457, 458, 459, 465, 466, 467, 468, 469, 470, 477, 478], "summary": {"covered_lines": 20, "num_statements": 27, "percent_covered": 74.07407407407408, "percent_covered_display": "74", "missing_lines": 7, "excluded_lines": 0}, "missing_lines": [443, 460, 461, 471, 472, 473, 474], "excluded_lines": []}, "MyLogger._log": {"executed_lines": [487, 488, 489, 490, 493, 494, 495, 496, 497, 498, 499, 500], "summary": {"covered_lines": 12, "num_statements": 13, "percent_covered": 92.3076923076923, "percent_covered_display": "92", "missing_lines": 1, "excluded_lines": 0}, "missing_lines": [501], "excluded_lines": []}, "MyLogger.e_print": {"executed_lines": [508, 509, 510, 511, 512, 513, 514, 515, 516], "summary": {"covered_lines": 9, "num_statements": 9, "percent_covered": 100.0, "percent_covered_display": "100", "missing_lines": 0, "excluded_lines": 0}, "missing_lines": [], "excluded_lines": []}, "MyLogger.d_print": {"executed_lines": [523, 524, 525, 526, 527, 528, 529, 530, 531], "summary": {"covered_lines": 9, "num_statements": 9, "percent_covered": 100.0, "percent_covered_display": "100", "missing_lines": 0, "excluded_lines": 0}, "missing_lines": [], "excluded_lines": []}, "MyLogger.i_print": {"executed_lines": [538, 539, 540, 541, 542, 543, 544, 545, 546], "summary": {"covered_lines": 9, "num_statements": 9, "percent_covered": 100.0, "percent_covered_display": "100", "missing_lines": 0, "excluded_lines": 0}, "missing_lines": [], "excluded_lines": []}, "MyLogger.printf": {"executed_lines": [553, 554, 555, 556, 557, 558, 559, 560, 561, 562], "summary": {"covered_lines": 10, "num_statements": 10, "percent_covered": 100.0, "percent_covered_display": "100", "missing_lines": 0, "excluded_lines": 0}, "missing_lines": [], "excluded_lines": []}, "progress_bar": {"executed_lines": [572, 573, 574, 575, 576, 577, 578], "summary": {"covered_lines": 7, "num_statements": 7, "percent_covered": 100.0, "percent_covered_display": "100", "missing_lines": 0, "excluded_lines": 0}, "missing_lines": [], "excluded_lines": []}, "": {"executed_lines": [2, 19, 20, 21, 22, 23, 24, 25, 26, 27, 30, 31, 35, 36, 37, 40, 41, 45, 46, 47, 49, 74, 113, 114, 131, 143, 151, 157, 163, 169, 190, 217, 244, 265, 266, 270, 271, 272, 274, 308, 359, 360, 377, 395, 403, 410, 419, 425, 438, 480, 503, 518, 533, 548, 566], "summary": {"covered_lines": 51, "num_statements": 51, "percent_covered": 100.0, "percent_covered_display": "100", "missing_lines": 0, "excluded_lines": 0}, "missing_lines": [], "excluded_lines": []}}, "classes": {"LogMode": {"executed_lines": [], "summary": {"covered_lines": 0, "num_statements": 0, "percent_covered": 100.0, "percent_covered_display": "100", "missing_lines": 0, "excluded_lines": 0}, "missing_lines": [], "excluded_lines": []}, "ComLogger": {"executed_lines": [61, 62, 63, 66, 67, 70, 71, 72, 91, 94, 101, 102, 103, 104, 105, 106, 107, 108, 111, 135, 136, 138, 147, 148, 149, 155, 161, 167, 173, 175, 176, 177, 179, 180, 183, 184, 185, 186, 188, 197, 198, 199, 200, 201, 203, 204, 205, 206, 207, 208, 209, 210, 211, 212, 225, 226, 227, 228, 229, 230, 231, 235, 236, 237], "summary": {"covered_lines": 64, "num_statements": 93, "percent_covered": 68.81720430107526, "percent_covered_display": "69", "missing_lines": 29, "excluded_lines": 0}, "missing_lines": [92, 118, 119, 120, 122, 123, 124, 125, 126, 128, 129, 140, 141, 214, 215, 233, 234, 251, 252, 253, 254, 255, 256, 257, 258, 259, 260, 261, 262], "excluded_lines": []}, "MyLogger": {"executed_lines": [292, 293, 295, 296, 297, 300, 301, 304, 305, 306, 325, 328, 337, 338, 339, 340, 341, 342, 343, 344, 345, 346, 347, 350, 351, 352, 353, 354, 357, 382, 383, 385, 386, 387, 389, 399, 400, 401, 408, 417, 423, 429, 432, 433, 442, 445, 446, 449, 450, 451, 452, 455, 456, 457, 458, 459, 465, 466, 467, 468, 469, 470, 477, 478, 487, 488, 489, 490, 493, 494, 495, 496, 497, 498, 499, 500, 508, 509, 510, 511, 512, 513, 514, 515, 516, 523, 524, 525, 526, 527, 528, 529, 530, 531, 538, 539, 540, 541, 542, 543, 544, 545, 546, 553, 554, 555, 556, 557, 558, 559, 560, 561, 562], "summary": {"covered_lines": 113, "num_statements": 139, "percent_covered": 81.29496402877697, "percent_covered_display": "81", "missing_lines": 26, "excluded_lines": 0}, "missing_lines": [326, 364, 365, 366, 368, 369, 370, 371, 372, 374, 375, 391, 392, 393, 430, 434, 435, 436, 443, 460, 461, 471, 472, 473, 474, 501], "excluded_lines": []}, "": {"executed_lines": [2, 19, 20, 21, 22, 23, 24, 25, 26, 27, 30, 31, 35, 36, 37, 40, 41, 45, 46, 47, 49, 74, 113, 114, 131, 143, 151, 157, 163, 169, 190, 217, 244, 265, 266, 270, 271, 272, 274, 308, 359, 360, 377, 395, 403, 410, 419, 425, 438, 480, 503, 518, 533, 548, 566, 572, 573, 574, 575, 576, 577, 578], "summary": {"covered_lines": 58, "num_statements": 58, "percent_covered": 100.0, "percent_covered_display": "100", "missing_lines": 0, "excluded_lines": 0}, "missing_lines": [], "excluded_lines": []}}}, "src\\protocol_data_extractor.py": {"executed_lines": [1, 6, 7, 8, 10, 12, 15, 16, 21, 27, 30, 31, 32, 33, 35, 48, 49, 50, 51, 53, 54, 55, 57, 58, 59, 60, 61, 62, 65, 66, 68, 69, 71, 72, 73, 76, 79, 80, 83, 84, 87, 93, 96, 97, 98, 100, 103, 104, 107, 108, 111, 112, 113, 114, 117, 119, 121, 122, 123, 124, 126, 132, 133], "summary": {"covered_lines": 61, "num_statements": 61, "percent_covered": 100.0, "percent_covered_display": "100", "missing_lines": 0, "excluded_lines": 0}, "missing_lines": [], "excluded_lines": [], "functions": {"ProtocolDataExtractor.__init__": {"executed_lines": [27, 30, 31, 32, 33], "summary": {"covered_lines": 5, "num_statements": 5, "percent_covered": 100.0, "percent_covered_display": "100", "missing_lines": 0, "excluded_lines": 0}, "missing_lines": [], "excluded_lines": []}, "ProtocolDataExtractor.extract_from_file": {"executed_lines": [48, 49, 50, 51, 53, 54, 55, 57, 58, 59, 60, 61, 62, 65, 66, 68, 69, 71, 72, 73, 76, 79, 80, 83, 84, 87, 93, 96, 97, 98, 100, 103, 104, 107, 108, 111, 112, 113, 114, 117, 119, 121, 122, 123, 124], "summary": {"covered_lines": 45, "num_statements": 45, "percent_covered": 100.0, "percent_covered_display": "100", "missing_lines": 0, "excluded_lines": 0}, "missing_lines": [], "excluded_lines": []}, "ProtocolDataExtractor.set_frame_head_pattern": {"executed_lines": [132, 133], "summary": {"covered_lines": 2, "num_statements": 2, "percent_covered": 100.0, "percent_covered_display": "100", "missing_lines": 0, "excluded_lines": 0}, "missing_lines": [], "excluded_lines": []}, "": {"executed_lines": [1, 6, 7, 8, 10, 12, 15, 16, 21, 35, 126], "summary": {"covered_lines": 9, "num_statements": 9, "percent_covered": 100.0, "percent_covered_display": "100", "missing_lines": 0, "excluded_lines": 0}, "missing_lines": [], "excluded_lines": []}}, "classes": {"ProtocolDataExtractor": {"executed_lines": [27, 30, 31, 32, 33, 48, 49, 50, 51, 53, 54, 55, 57, 58, 59, 60, 61, 62, 65, 66, 68, 69, 71, 72, 73, 76, 79, 80, 83, 84, 87, 93, 96, 97, 98, 100, 103, 104, 107, 108, 111, 112, 113, 114, 117, 119, 121, 122, 123, 124, 132, 133], "summary": {"covered_lines": 52, "num_statements": 52, "percent_covered": 100.0, "percent_covered_display": "100", "missing_lines": 0, "excluded_lines": 0}, "missing_lines": [], "excluded_lines": []}, "": {"executed_lines": [1, 6, 7, 8, 10, 12, 15, 16, 21, 35, 126], "summary": {"covered_lines": 9, "num_statements": 9, "percent_covered": 100.0, "percent_covered_display": "100", "missing_lines": 0, "excluded_lines": 0}, "missing_lines": [], "excluded_lines": []}}}, "src\\protocol_output_formatter.py": {"executed_lines": [1, 6, 7, 8, 9, 10, 12, 13, 15, 18, 19, 24, 30, 31, 33, 49, 50, 51, 54, 55, 56, 57, 58, 61, 64, 67, 68, 69, 70, 71, 76, 92, 95, 96, 97, 100, 101, 102, 103, 104, 106, 107, 108, 111, 112, 113, 114, 115, 118, 119, 120, 123, 124, 125, 126, 128, 129, 132, 134, 136, 145, 146, 148, 150, 151, 152, 157, 158, 159, 160, 162, 163, 164, 165, 167, 168, 170, 171, 173, 183, 185, 186, 187, 189, 192, 193, 194, 195, 196, 197, 201, 204, 206, 207, 209, 218, 219, 221, 223, 225, 226, 228, 230, 232], "summary": {"covered_lines": 102, "num_statements": 109, "percent_covered": 93.57798165137615, "percent_covered_display": "94", "missing_lines": 7, "excluded_lines": 0}, "missing_lines": [72, 73, 74, 198, 199, 233, 235], "excluded_lines": [], "functions": {"ProtocolOutputFormatter.__init__": {"executed_lines": [30, 31], "summary": {"covered_lines": 2, "num_statements": 2, "percent_covered": 100.0, "percent_covered_display": "100", "missing_lines": 0, "excluded_lines": 0}, "missing_lines": [], "excluded_lines": []}, "ProtocolOutputFormatter.format_and_save": {"executed_lines": [49, 50, 51, 54, 55, 56, 57, 58, 61, 64, 67, 68, 69, 70, 71], "summary": {"covered_lines": 15, "num_statements": 18, "percent_covered": 83.33333333333333, "percent_covered_display": "83", "missing_lines": 3, "excluded_lines": 0}, "missing_lines": [72, 73, 74], "excluded_lines": []}, "ProtocolOutputFormatter._build_output_lines": {"executed_lines": [92, 95, 96, 97, 100, 101, 102, 103, 104, 106, 107, 108, 111, 112, 113, 114, 115, 118, 119, 120, 123, 124, 125, 126, 128, 129, 132, 134], "summary": {"covered_lines": 28, "num_statements": 28, "percent_covered": 100.0, "percent_covered_display": "100", "missing_lines": 0, "excluded_lines": 0}, "missing_lines": [], "excluded_lines": []}, "ProtocolOutputFormatter._build_perf_stats_lines": {"executed_lines": [145, 146, 148, 157, 158, 159, 160, 162, 163, 164, 165, 167, 168, 170, 171], "summary": {"covered_lines": 15, "num_statements": 15, "percent_covered": 100.0, "percent_covered_display": "100", "missing_lines": 0, "excluded_lines": 0}, "missing_lines": [], "excluded_lines": []}, "ProtocolOutputFormatter._build_perf_stats_lines._format_stats": {"executed_lines": [150, 151, 152], "summary": {"covered_lines": 3, "num_statements": 3, "percent_covered": 100.0, "percent_covered_display": "100", "missing_lines": 0, "excluded_lines": 0}, "missing_lines": [], "excluded_lines": []}, "ProtocolOutputFormatter._collect_content_lines": {"executed_lines": [183, 185, 186, 187, 189, 192, 193, 194, 195, 196, 197, 201, 204, 206, 207], "summary": {"covered_lines": 15, "num_statements": 17, "percent_covered": 88.23529411764706, "percent_covered_display": "88", "missing_lines": 2, "excluded_lines": 0}, "missing_lines": [198, 199], "excluded_lines": []}, "ProtocolOutputFormatter._format_float": {"executed_lines": [218, 219, 221, 223, 225, 226, 228, 230, 232], "summary": {"covered_lines": 9, "num_statements": 11, "percent_covered": 81.81818181818181, "percent_covered_display": "82", "missing_lines": 2, "excluded_lines": 0}, "missing_lines": [233, 235], "excluded_lines": []}, "": {"executed_lines": [1, 6, 7, 8, 9, 10, 12, 13, 15, 18, 19, 24, 33, 76, 136, 173, 209], "summary": {"covered_lines": 15, "num_statements": 15, "percent_covered": 100.0, "percent_covered_display": "100", "missing_lines": 0, "excluded_lines": 0}, "missing_lines": [], "excluded_lines": []}}, "classes": {"ProtocolOutputFormatter": {"executed_lines": [30, 31, 49, 50, 51, 54, 55, 56, 57, 58, 61, 64, 67, 68, 69, 70, 71, 92, 95, 96, 97, 100, 101, 102, 103, 104, 106, 107, 108, 111, 112, 113, 114, 115, 118, 119, 120, 123, 124, 125, 126, 128, 129, 132, 134, 145, 146, 148, 150, 151, 152, 157, 158, 159, 160, 162, 163, 164, 165, 167, 168, 170, 171, 183, 185, 186, 187, 189, 192, 193, 194, 195, 196, 197, 201, 204, 206, 207, 218, 219, 221, 223, 225, 226, 228, 230, 232], "summary": {"covered_lines": 87, "num_statements": 94, "percent_covered": 92.55319148936171, "percent_covered_display": "93", "missing_lines": 7, "excluded_lines": 0}, "missing_lines": [72, 73, 74, 198, 199, 233, 235], "excluded_lines": []}, "": {"executed_lines": [1, 6, 7, 8, 9, 10, 12, 13, 15, 18, 19, 24, 33, 76, 136, 173, 209], "summary": {"covered_lines": 15, "num_statements": 15, "percent_covered": 100.0, "percent_covered_display": "100", "missing_lines": 0, "excluded_lines": 0}, "missing_lines": [], "excluded_lines": []}}}, "src\\protocol_parser.py": {"executed_lines": [1, 6, 7, 8, 9, 10, 12, 13, 15, 18, 19, 24, 30, 31, 34, 39, 41, 46, 59, 60, 61, 63, 79, 80, 82, 84, 85, 88, 95, 97, 98, 99, 102, 105, 106, 109, 110, 114, 115, 118, 119, 122, 123, 124, 127, 128, 132, 133, 136, 137, 147, 149, 150, 151, 153, 163, 169, 171, 180, 181, 182, 184, 185, 186, 187, 188, 189, 191, 192, 194, 197, 198, 199, 200, 202, 203, 204, 205, 206, 207, 208, 209, 213, 215, 221, 234, 236, 237, 238, 239, 240, 241, 242, 243, 245, 247, 257, 258, 261, 262, 265, 267, 276, 277, 279, 281, 282, 283, 284, 286], "summary": {"covered_lines": 108, "num_statements": 122, "percent_covered": 88.52459016393442, "percent_covered_display": "89", "missing_lines": 14, "excluded_lines": 0}, "missing_lines": [89, 90, 91, 92, 93, 107, 111, 165, 166, 167, 211, 217, 218, 219], "excluded_lines": [], "functions": {"ProtocolParser.__init__": {"executed_lines": [30, 31, 34], "summary": {"covered_lines": 3, "num_statements": 3, "percent_covered": 100.0, "percent_covered_display": "100", "missing_lines": 0, "excluded_lines": 0}, "missing_lines": [], "excluded_lines": []}, "ProtocolParser.reset_stats": {"executed_lines": [41], "summary": {"covered_lines": 1, "num_statements": 1, "percent_covered": 100.0, "percent_covered_display": "100", "missing_lines": 0, "excluded_lines": 0}, "missing_lines": [], "excluded_lines": []}, "ProtocolParser.set_filters": {"executed_lines": [59, 60, 61], "summary": {"covered_lines": 3, "num_statements": 3, "percent_covered": 100.0, "percent_covered_display": "100", "missing_lines": 0, "excluded_lines": 0}, "missing_lines": [], "excluded_lines": []}, "ProtocolParser.parse_data_groups": {"executed_lines": [79, 80, 82, 84, 85, 88, 95, 97, 98, 99, 102, 105, 106, 109, 110, 114, 115, 118, 119, 122, 123, 124, 127, 128, 132, 133, 136, 137, 147, 149, 150, 151, 153, 163, 169], "summary": {"covered_lines": 35, "num_statements": 45, "percent_covered": 77.77777777777777, "percent_covered_display": "78", "missing_lines": 10, "excluded_lines": 0}, "missing_lines": [89, 90, 91, 92, 93, 107, 111, 165, 166, 167], "excluded_lines": []}, "ProtocolParser._parse_header": {"executed_lines": [180, 181, 182, 184, 185, 186, 187, 188, 189, 191, 192, 194, 197, 198, 199, 200, 202, 203, 204, 205, 206, 207, 208, 209, 213, 215], "summary": {"covered_lines": 26, "num_statements": 30, "percent_covered": 86.66666666666667, "percent_covered_display": "87", "missing_lines": 4, "excluded_lines": 0}, "missing_lines": [211, 217, 218, 219], "excluded_lines": []}, "ProtocolParser._parse_uint_field": {"executed_lines": [234, 236, 237, 238, 239, 240, 241, 242, 243, 245], "summary": {"covered_lines": 10, "num_statements": 10, "percent_covered": 100.0, "percent_covered_display": "100", "missing_lines": 0, "excluded_lines": 0}, "missing_lines": [], "excluded_lines": []}, "ProtocolParser._check_cmd_filter": {"executed_lines": [257, 258, 261, 262, 265], "summary": {"covered_lines": 5, "num_statements": 5, "percent_covered": 100.0, "percent_covered_display": "100", "missing_lines": 0, "excluded_lines": 0}, "missing_lines": [], "excluded_lines": []}, "ProtocolParser._check_time_filter": {"executed_lines": [276, 277, 279, 281, 282, 283, 284, 286], "summary": {"covered_lines": 8, "num_statements": 8, "percent_covered": 100.0, "percent_covered_display": "100", "missing_lines": 0, "excluded_lines": 0}, "missing_lines": [], "excluded_lines": []}, "": {"executed_lines": [1, 6, 7, 8, 9, 10, 12, 13, 15, 18, 19, 24, 39, 46, 63, 171, 221, 247, 267], "summary": {"covered_lines": 17, "num_statements": 17, "percent_covered": 100.0, "percent_covered_display": "100", "missing_lines": 0, "excluded_lines": 0}, "missing_lines": [], "excluded_lines": []}}, "classes": {"ProtocolParser": {"executed_lines": [30, 31, 34, 41, 59, 60, 61, 79, 80, 82, 84, 85, 88, 95, 97, 98, 99, 102, 105, 106, 109, 110, 114, 115, 118, 119, 122, 123, 124, 127, 128, 132, 133, 136, 137, 147, 149, 150, 151, 153, 163, 169, 180, 181, 182, 184, 185, 186, 187, 188, 189, 191, 192, 194, 197, 198, 199, 200, 202, 203, 204, 205, 206, 207, 208, 209, 213, 215, 234, 236, 237, 238, 239, 240, 241, 242, 243, 245, 257, 258, 261, 262, 265, 276, 277, 279, 281, 282, 283, 284, 286], "summary": {"covered_lines": 91, "num_statements": 105, "percent_covered": 86.66666666666667, "percent_covered_display": "87", "missing_lines": 14, "excluded_lines": 0}, "missing_lines": [89, 90, 91, 92, 93, 107, 111, 165, 166, 167, 211, 217, 218, 219], "excluded_lines": []}, "": {"executed_lines": [1, 6, 7, 8, 9, 10, 12, 13, 15, 18, 19, 24, 39, 46, 63, 171, 221, 247, 267], "summary": {"covered_lines": 17, "num_statements": 17, "percent_covered": 100.0, "percent_covered_display": "100", "missing_lines": 0, "excluded_lines": 0}, "missing_lines": [], "excluded_lines": []}}}, "src\\time_parser.py": {"executed_lines": [2, 12, 13, 14, 17, 18, 21, 31, 34, 41, 42, 55, 56, 57, 58, 59, 61, 62, 63, 66, 67, 68, 69, 70, 71, 72, 74, 76, 78, 79, 94, 95, 96, 98, 99, 100, 104, 108, 109, 112, 113, 115, 117, 118, 140, 141, 142, 145, 146, 149, 150, 151, 153, 154, 155, 159, 160, 161, 166, 167, 170, 171, 174, 175, 176, 178, 181, 183, 184, 195, 196, 198, 199, 202, 203, 204, 205, 206, 207, 208, 209, 211, 212, 213, 215, 218, 229, 230, 232, 234, 235, 236, 237, 238, 239, 240, 241, 242, 244, 246, 247, 248, 249], "summary": {"covered_lines": 101, "num_statements": 108, "percent_covered": 93.51851851851852, "percent_covered_display": "94", "missing_lines": 7, "excluded_lines": 0}, "missing_lines": [101, 102, 105, 156, 157, 162, 163], "excluded_lines": [], "functions": {"TimeParser.parse_absolute_time": {"executed_lines": [55, 56, 57, 58, 59, 61, 62, 63, 66, 67, 68, 69, 70, 71, 72, 74, 76], "summary": {"covered_lines": 17, "num_statements": 17, "percent_covered": 100.0, "percent_covered_display": "100", "missing_lines": 0, "excluded_lines": 0}, "missing_lines": [], "excluded_lines": []}, "TimeParser.parse_relative_time": {"executed_lines": [94, 95, 96, 98, 99, 100, 104, 108, 109, 112, 113, 115], "summary": {"covered_lines": 12, "num_statements": 15, "percent_covered": 80.0, "percent_covered_display": "80", "missing_lines": 3, "excluded_lines": 0}, "missing_lines": [101, 102, 105], "excluded_lines": []}, "TimeParser.parse_time_range": {"executed_lines": [140, 141, 142, 145, 146, 149, 150, 151, 153, 154, 155, 159, 160, 161, 166, 167, 170, 171, 174, 175, 176, 178, 181], "summary": {"covered_lines": 23, "num_statements": 27, "percent_covered": 85.18518518518519, "percent_covered_display": "85", "missing_lines": 4, "excluded_lines": 0}, "missing_lines": [156, 157, 162, 163], "excluded_lines": []}, "TimeParser.format_time_range": {"executed_lines": [195, 196, 198, 199, 202, 203, 204, 205, 206, 207, 208, 209, 211, 212, 213, 215], "summary": {"covered_lines": 16, "num_statements": 16, "percent_covered": 100.0, "percent_covered_display": "100", "missing_lines": 0, "excluded_lines": 0}, "missing_lines": [], "excluded_lines": []}, "parse_command_ids": {"executed_lines": [229, 230, 232, 234, 235, 236, 237, 238, 239, 240, 241, 242, 244, 246, 247, 248, 249], "summary": {"covered_lines": 17, "num_statements": 17, "percent_covered": 100.0, "percent_covered_display": "100", "missing_lines": 0, "excluded_lines": 0}, "missing_lines": [], "excluded_lines": []}, "": {"executed_lines": [2, 12, 13, 14, 17, 18, 21, 31, 34, 41, 42, 78, 79, 117, 118, 183, 184, 218], "summary": {"covered_lines": 16, "num_statements": 16, "percent_covered": 100.0, "percent_covered_display": "100", "missing_lines": 0, "excluded_lines": 0}, "missing_lines": [], "excluded_lines": []}}, "classes": {"TimeParser": {"executed_lines": [55, 56, 57, 58, 59, 61, 62, 63, 66, 67, 68, 69, 70, 71, 72, 74, 76, 94, 95, 96, 98, 99, 100, 104, 108, 109, 112, 113, 115, 140, 141, 142, 145, 146, 149, 150, 151, 153, 154, 155, 159, 160, 161, 166, 167, 170, 171, 174, 175, 176, 178, 181, 195, 196, 198, 199, 202, 203, 204, 205, 206, 207, 208, 209, 211, 212, 213, 215], "summary": {"covered_lines": 68, "num_statements": 75, "percent_covered": 90.66666666666667, "percent_covered_display": "91", "missing_lines": 7, "excluded_lines": 0}, "missing_lines": [101, 102, 105, 156, 157, 162, 163], "excluded_lines": []}, "": {"executed_lines": [2, 12, 13, 14, 17, 18, 21, 31, 34, 41, 42, 78, 79, 117, 118, 183, 184, 218, 229, 230, 232, 234, 235, 236, 237, 238, 239, 240, 241, 242, 244, 246, 247, 248, 249], "summary": {"covered_lines": 33, "num_statements": 33, "percent_covered": 100.0, "percent_covered_display": "100", "missing_lines": 0, "excluded_lines": 0}, "missing_lines": [], "excluded_lines": []}}}, "src\\validate_configs.py": {"executed_lines": [2, 7, 8, 9, 10, 12, 17, 18, 20, 21, 22, 24, 26, 27, 29, 30, 33, 34, 37, 38, 39, 41, 43, 44, 45, 47, 50, 51, 54, 55, 56, 58, 61, 62, 64, 66, 68, 69, 70, 71, 74, 75, 82, 83, 84, 88, 89, 91, 94, 95, 96, 98, 99, 100, 103, 104, 105, 107, 108, 109, 111, 113, 115, 116, 117, 118, 119, 121, 123, 125, 126, 127, 128, 129, 130, 132, 134, 136, 137, 138, 139, 141, 142, 143, 144, 146, 147, 148, 149, 151, 154, 156, 157, 160, 162, 163, 164, 166, 168, 169, 170, 171, 173, 174, 176, 177, 179, 180, 181, 183, 184, 186, 189, 191, 192, 195, 201, 204, 216, 217, 218, 219, 221, 222, 223, 225, 228], "summary": {"covered_lines": 125, "num_statements": 132, "percent_covered": 94.6969696969697, "percent_covered_display": "95", "missing_lines": 7, "excluded_lines": 0}, "missing_lines": [206, 207, 208, 209, 211, 212, 229], "excluded_lines": [], "functions": {"ConfigValidator.__init__": {"executed_lines": [21, 22], "summary": {"covered_lines": 2, "num_statements": 2, "percent_covered": 100.0, "percent_covered_display": "100", "missing_lines": 0, "excluded_lines": 0}, "missing_lines": [], "excluded_lines": []}, "ConfigValidator.validate_protocol_config": {"executed_lines": [26, 27, 29, 30, 33, 34, 37, 38, 39, 41, 43, 44, 45], "summary": {"covered_lines": 13, "num_statements": 13, "percent_covered": 100.0, "percent_covered_display": "100", "missing_lines": 0, "excluded_lines": 0}, "missing_lines": [], "excluded_lines": []}, "ConfigValidator._validate_protocol_specific": {"executed_lines": [50, 51, 54, 55, 56], "summary": {"covered_lines": 5, "num_statements": 5, "percent_covered": 100.0, "percent_covered_display": "100", "missing_lines": 0, "excluded_lines": 0}, "missing_lines": [], "excluded_lines": []}, "ConfigValidator._validate_consistency": {"executed_lines": [61, 62], "summary": {"covered_lines": 2, "num_statements": 2, "percent_covered": 100.0, "percent_covered_display": "100", "missing_lines": 0, "excluded_lines": 0}, "missing_lines": [], "excluded_lines": []}, "ConfigValidator._validate_field_type_consistency": {"executed_lines": [66, 68, 69, 70, 71, 74, 75, 82, 83, 84, 88, 89], "summary": {"covered_lines": 12, "num_statements": 12, "percent_covered": 100.0, "percent_covered_display": "100", "missing_lines": 0, "excluded_lines": 0}, "missing_lines": [], "excluded_lines": []}, "ConfigValidator._validate_completeness": {"executed_lines": [94, 95, 96, 98, 99, 100, 103, 104, 105, 107, 108, 109], "summary": {"covered_lines": 12, "num_statements": 12, "percent_covered": 100.0, "percent_covered_display": "100", "missing_lines": 0, "excluded_lines": 0}, "missing_lines": [], "excluded_lines": []}, "ConfigValidator._collect_used_types": {"executed_lines": [113, 115, 116, 117, 118, 119], "summary": {"covered_lines": 6, "num_statements": 6, "percent_covered": 100.0, "percent_covered_display": "100", "missing_lines": 0, "excluded_lines": 0}, "missing_lines": [], "excluded_lines": []}, "ConfigValidator._collect_used_enums": {"executed_lines": [123, 125, 126, 127, 128, 129, 130], "summary": {"covered_lines": 7, "num_statements": 7, "percent_covered": 100.0, "percent_covered_display": "100", "missing_lines": 0, "excluded_lines": 0}, "missing_lines": [], "excluded_lines": []}, "ConfigValidator.print_results": {"executed_lines": [134, 136, 137, 138, 139, 141, 142, 143, 144, 146, 147, 148, 149, 151], "summary": {"covered_lines": 14, "num_statements": 14, "percent_covered": 100.0, "percent_covered_display": "100", "missing_lines": 0, "excluded_lines": 0}, "missing_lines": [], "excluded_lines": []}, "validate_all_configs": {"executed_lines": [156, 157, 160, 162, 163, 164, 166, 168, 169, 170, 171, 173, 174, 176, 177, 179, 180, 181, 183, 184, 186], "summary": {"covered_lines": 21, "num_statements": 21, "percent_covered": 100.0, "percent_covered_display": "100", "missing_lines": 0, "excluded_lines": 0}, "missing_lines": [], "excluded_lines": []}, "main": {"executed_lines": [191, 192, 195, 201, 204, 216, 217, 218, 219, 221, 222, 223, 225], "summary": {"covered_lines": 13, "num_statements": 19, "percent_covered": 68.42105263157895, "percent_covered_display": "68", "missing_lines": 6, "excluded_lines": 0}, "missing_lines": [206, 207, 208, 209, 211, 212], "excluded_lines": []}, "": {"executed_lines": [2, 7, 8, 9, 10, 12, 17, 18, 20, 24, 47, 58, 64, 91, 111, 121, 132, 154, 189, 228], "summary": {"covered_lines": 18, "num_statements": 19, "percent_covered": 94.73684210526316, "percent_covered_display": "95", "missing_lines": 1, "excluded_lines": 0}, "missing_lines": [229], "excluded_lines": []}}, "classes": {"ConfigValidator": {"executed_lines": [21, 22, 26, 27, 29, 30, 33, 34, 37, 38, 39, 41, 43, 44, 45, 50, 51, 54, 55, 56, 61, 62, 66, 68, 69, 70, 71, 74, 75, 82, 83, 84, 88, 89, 94, 95, 96, 98, 99, 100, 103, 104, 105, 107, 108, 109, 113, 115, 116, 117, 118, 119, 123, 125, 126, 127, 128, 129, 130, 134, 136, 137, 138, 139, 141, 142, 143, 144, 146, 147, 148, 149, 151], "summary": {"covered_lines": 73, "num_statements": 73, "percent_covered": 100.0, "percent_covered_display": "100", "missing_lines": 0, "excluded_lines": 0}, "missing_lines": [], "excluded_lines": []}, "": {"executed_lines": [2, 7, 8, 9, 10, 12, 17, 18, 20, 24, 47, 58, 64, 91, 111, 121, 132, 154, 156, 157, 160, 162, 163, 164, 166, 168, 169, 170, 171, 173, 174, 176, 177, 179, 180, 181, 183, 184, 186, 189, 191, 192, 195, 201, 204, 216, 217, 218, 219, 221, 222, 223, 225, 228], "summary": {"covered_lines": 52, "num_statements": 59, "percent_covered": 88.13559322033899, "percent_covered_display": "88", "missing_lines": 7, "excluded_lines": 0}, "missing_lines": [206, 207, 208, 209, 211, 212, 229], "excluded_lines": []}}}, "src\\yaml_cmdformat.py": {"executed_lines": [1, 6, 7, 8, 10, 11, 13, 16, 17, 31, 37, 38, 39, 41, 53, 55, 64, 66, 79, 80, 82, 83, 85, 91, 93, 99, 110, 112, 114, 116, 120, 122, 125, 127, 128, 129, 131, 135, 137, 138, 139, 141, 142, 143, 144, 146, 147, 148, 150], "summary": {"covered_lines": 47, "num_statements": 47, "percent_covered": 100.0, "percent_covered_display": "100", "missing_lines": 0, "excluded_lines": 0}, "missing_lines": [], "excluded_lines": [], "functions": {"YamlCmdFormat.__init__": {"executed_lines": [37, 38, 39], "summary": {"covered_lines": 3, "num_statements": 3, "percent_covered": 100.0, "percent_covered_display": "100", "missing_lines": 0, "excluded_lines": 0}, "missing_lines": [], "excluded_lines": []}, "YamlCmdFormat.get_cmd_layout": {"executed_lines": [53], "summary": {"covered_lines": 1, "num_statements": 1, "percent_covered": 100.0, "percent_covered_display": "100", "missing_lines": 0, "excluded_lines": 0}, "missing_lines": [], "excluded_lines": []}, "YamlCmdFormat.has_cmd": {"executed_lines": [64], "summary": {"covered_lines": 1, "num_statements": 1, "percent_covered": 100.0, "percent_covered_display": "100", "missing_lines": 0, "excluded_lines": 0}, "missing_lines": [], "excluded_lines": []}, "YamlCmdFormat.parse_cmd_data": {"executed_lines": [79, 80, 82, 83], "summary": {"covered_lines": 4, "num_statements": 4, "percent_covered": 100.0, "percent_covered_display": "100", "missing_lines": 0, "excluded_lines": 0}, "missing_lines": [], "excluded_lines": []}, "YamlCmdFormat.get_supported_cmds": {"executed_lines": [91], "summary": {"covered_lines": 1, "num_statements": 1, "percent_covered": 100.0, "percent_covered_display": "100", "missing_lines": 0, "excluded_lines": 0}, "missing_lines": [], "excluded_lines": []}, "YamlCmdFormat.get_protocol_info": {"executed_lines": [99], "summary": {"covered_lines": 1, "num_statements": 1, "percent_covered": 100.0, "percent_covered_display": "100", "missing_lines": 0, "excluded_lines": 0}, "missing_lines": [], "excluded_lines": []}, "YamlCmdFormat.get_head_fields": {"executed_lines": [112], "summary": {"covered_lines": 1, "num_statements": 1, "percent_covered": 100.0, "percent_covered_display": "100", "missing_lines": 0, "excluded_lines": 0}, "missing_lines": [], "excluded_lines": []}, "YamlCmdFormat.validate_config": {"executed_lines": [116], "summary": {"covered_lines": 1, "num_statements": 1, "percent_covered": 100.0, "percent_covered_display": "100", "missing_lines": 0, "excluded_lines": 0}, "missing_lines": [], "excluded_lines": []}, "load_yaml_format": {"executed_lines": [122], "summary": {"covered_lines": 1, "num_statements": 1, "percent_covered": 100.0, "percent_covered_display": "100", "missing_lines": 0, "excluded_lines": 0}, "missing_lines": [], "excluded_lines": []}, "get_yaml_format": {"executed_lines": [127, 128, 129, 131], "summary": {"covered_lines": 4, "num_statements": 4, "percent_covered": 100.0, "percent_covered_display": "100", "missing_lines": 0, "excluded_lines": 0}, "missing_lines": [], "excluded_lines": []}, "strlist_to_hexlist": {"executed_lines": [137, 138, 139, 141, 142, 143, 144, 146, 147, 148, 150], "summary": {"covered_lines": 11, "num_statements": 11, "percent_covered": 100.0, "percent_covered_display": "100", "missing_lines": 0, "excluded_lines": 0}, "missing_lines": [], "excluded_lines": []}, "": {"executed_lines": [1, 6, 7, 8, 10, 11, 13, 16, 17, 31, 41, 55, 66, 85, 93, 110, 114, 120, 125, 135], "summary": {"covered_lines": 18, "num_statements": 18, "percent_covered": 100.0, "percent_covered_display": "100", "missing_lines": 0, "excluded_lines": 0}, "missing_lines": [], "excluded_lines": []}}, "classes": {"YamlCmdFormat": {"executed_lines": [37, 38, 39, 53, 64, 79, 80, 82, 83, 91, 99, 112, 116], "summary": {"covered_lines": 13, "num_statements": 13, "percent_covered": 100.0, "percent_covered_display": "100", "missing_lines": 0, "excluded_lines": 0}, "missing_lines": [], "excluded_lines": []}, "": {"executed_lines": [1, 6, 7, 8, 10, 11, 13, 16, 17, 31, 41, 55, 66, 85, 93, 110, 114, 120, 122, 125, 127, 128, 129, 131, 135, 137, 138, 139, 141, 142, 143, 144, 146, 147, 148, 150], "summary": {"covered_lines": 34, "num_statements": 34, "percent_covered": 100.0, "percent_covered_display": "100", "missing_lines": 0, "excluded_lines": 0}, "missing_lines": [], "excluded_lines": []}}}, "src\\yaml_config.py": {"executed_lines": [1, 6, 7, 8, 9, 11, 13, 16, 17, 18, 20, 21, 22, 23, 26, 27, 28, 30, 31, 32, 33, 36, 37, 38, 40, 41, 42, 43, 44, 45, 46, 48, 50, 51, 52, 53, 54, 55, 56, 58, 59, 61, 63, 66, 67, 69, 70, 73, 75, 77, 78, 83, 84, 85, 86, 88, 90, 91, 92, 95, 96, 97, 99, 102, 103, 104, 106, 107, 108, 109, 110, 111, 112, 113, 114, 115, 116, 117, 118, 119, 120, 121, 122, 123, 124, 126, 133, 134, 135, 137, 138, 139, 141, 143, 144, 145, 146, 149, 150, 151, 153, 154, 155, 156, 159, 160, 161, 162, 165, 166, 168, 169, 171, 173, 175, 176, 178, 179, 181, 182, 183, 185, 186, 188, 189, 191, 192, 193, 195, 198, 199, 207, 208, 209, 210, 216, 217, 218, 219, 222, 223, 224, 227, 228, 229, 230, 231, 233, 244, 246, 248, 249, 251, 261, 266, 269, 270, 272, 274, 276, 277, 279, 281, 283, 286, 287, 290, 291, 293, 298, 299, 300, 302, 304, 308, 309, 311, 312, 314, 315, 319, 324, 325, 327, 329, 331, 337, 338, 340, 344], "summary": {"covered_lines": 181, "num_statements": 195, "percent_covered": 92.82051282051282, "percent_covered_display": "93", "missing_lines": 14, "excluded_lines": 0}, "missing_lines": [64, 74, 76, 128, 129, 130, 213, 253, 254, 294, 295, 320, 326, 332], "excluded_lines": [], "functions": {"TypeDef.__post_init__": {"executed_lines": [50, 51, 52, 53, 54, 55, 56, 58, 59], "summary": {"covered_lines": 9, "num_statements": 9, "percent_covered": 100.0, "percent_covered_display": "100", "missing_lines": 0, "excluded_lines": 0}, "missing_lines": [], "excluded_lines": []}, "TypeDef._validate_bitfield_groups": {"executed_lines": [63, 66, 67, 69, 70, 73, 75, 77, 78, 83, 84, 85, 86], "summary": {"covered_lines": 13, "num_statements": 16, "percent_covered": 81.25, "percent_covered_display": "81", "missing_lines": 3, "excluded_lines": 0}, "missing_lines": [64, 74, 76], "excluded_lines": []}, "TypeDef.get_bitfield_groups": {"executed_lines": [90, 91, 92], "summary": {"covered_lines": 3, "num_statements": 3, "percent_covered": 100.0, "percent_covered_display": "100", "missing_lines": 0, "excluded_lines": 0}, "missing_lines": [], "excluded_lines": []}, "Field.get_bitfield_groups": {"executed_lines": [], "summary": {"covered_lines": 0, "num_statements": 3, "percent_covered": 0.0, "percent_covered_display": "0", "missing_lines": 3, "excluded_lines": 0}, "missing_lines": [128, 129, 130], "excluded_lines": []}, "Group.__post_init__": {"executed_lines": [143, 144, 145, 146], "summary": {"covered_lines": 4, "num_statements": 4, "percent_covered": 100.0, "percent_covered_display": "100", "missing_lines": 0, "excluded_lines": 0}, "missing_lines": [], "excluded_lines": []}, "YamlConfigLoader.__init__": {"executed_lines": [169], "summary": {"covered_lines": 1, "num_statements": 1, "percent_covered": 100.0, "percent_covered_display": "100", "missing_lines": 0, "excluded_lines": 0}, "missing_lines": [], "excluded_lines": []}, "YamlConfigLoader.load_protocol_config": {"executed_lines": [173, 175, 176, 178, 179, 181, 182, 183, 185, 186, 188, 189, 191, 192, 193], "summary": {"covered_lines": 15, "num_statements": 15, "percent_covered": 100.0, "percent_covered_display": "100", "missing_lines": 0, "excluded_lines": 0}, "missing_lines": [], "excluded_lines": []}, "YamlConfigLoader._parse_config": {"executed_lines": [198, 199, 207, 208, 209, 210, 216, 217, 218, 219, 222, 223, 224, 227, 228, 229, 230, 231, 233], "summary": {"covered_lines": 19, "num_statements": 20, "percent_covered": 95.0, "percent_covered_display": "95", "missing_lines": 1, "excluded_lines": 0}, "missing_lines": [213], "excluded_lines": []}, "YamlConfigLoader._parse_fields": {"executed_lines": [246, 248, 249, 251, 261, 266, 269, 270, 272], "summary": {"covered_lines": 9, "num_statements": 11, "percent_covered": 81.81818181818181, "percent_covered_display": "82", "missing_lines": 2, "excluded_lines": 0}, "missing_lines": [253, 254], "excluded_lines": []}, "YamlConfigLoader.get_cmd_layout": {"executed_lines": [276, 277, 279], "summary": {"covered_lines": 3, "num_statements": 3, "percent_covered": 100.0, "percent_covered_display": "100", "missing_lines": 0, "excluded_lines": 0}, "missing_lines": [], "excluded_lines": []}, "YamlConfigLoader.validate_config": {"executed_lines": [283, 286, 287, 290, 291, 293, 298, 299, 300, 302], "summary": {"covered_lines": 10, "num_statements": 12, "percent_covered": 83.33333333333333, "percent_covered_display": "83", "missing_lines": 2, "excluded_lines": 0}, "missing_lines": [294, 295], "excluded_lines": []}, "YamlConfigLoader._validate_fields": {"executed_lines": [308, 309, 311, 312, 314, 315, 319, 324, 325, 327, 329, 331, 337, 338, 340], "summary": {"covered_lines": 15, "num_statements": 18, "percent_covered": 83.33333333333333, "percent_covered_display": "83", "missing_lines": 3, "excluded_lines": 0}, "missing_lines": [320, 326, 332], "excluded_lines": []}, "": {"executed_lines": [1, 6, 7, 8, 9, 11, 13, 16, 17, 18, 20, 21, 22, 23, 26, 27, 28, 30, 31, 32, 33, 36, 37, 38, 40, 41, 42, 43, 44, 45, 46, 48, 61, 88, 95, 96, 97, 99, 102, 103, 104, 106, 107, 108, 109, 110, 111, 112, 113, 114, 115, 116, 117, 118, 119, 120, 121, 122, 123, 124, 126, 133, 134, 135, 137, 138, 139, 141, 149, 150, 151, 153, 154, 155, 156, 159, 160, 161, 162, 165, 166, 168, 171, 195, 244, 274, 281, 304, 344], "summary": {"covered_lines": 80, "num_statements": 80, "percent_covered": 100.0, "percent_covered_display": "100", "missing_lines": 0, "excluded_lines": 0}, "missing_lines": [], "excluded_lines": []}}, "classes": {"Meta": {"executed_lines": [], "summary": {"covered_lines": 0, "num_statements": 0, "percent_covered": 100.0, "percent_covered_display": "100", "missing_lines": 0, "excluded_lines": 0}, "missing_lines": [], "excluded_lines": []}, "BitfieldGroup": {"executed_lines": [], "summary": {"covered_lines": 0, "num_statements": 0, "percent_covered": 100.0, "percent_covered_display": "100", "missing_lines": 0, "excluded_lines": 0}, "missing_lines": [], "excluded_lines": []}, "TypeDef": {"executed_lines": [50, 51, 52, 53, 54, 55, 56, 58, 59, 63, 66, 67, 69, 70, 73, 75, 77, 78, 83, 84, 85, 86, 90, 91, 92], "summary": {"covered_lines": 25, "num_statements": 28, "percent_covered": 89.28571428571429, "percent_covered_display": "89", "missing_lines": 3, "excluded_lines": 0}, "missing_lines": [64, 74, 76], "excluded_lines": []}, "EnumDef": {"executed_lines": [], "summary": {"covered_lines": 0, "num_statements": 0, "percent_covered": 100.0, "percent_covered_display": "100", "missing_lines": 0, "excluded_lines": 0}, "missing_lines": [], "excluded_lines": []}, "Field": {"executed_lines": [], "summary": {"covered_lines": 0, "num_statements": 3, "percent_covered": 0.0, "percent_covered_display": "0", "missing_lines": 3, "excluded_lines": 0}, "missing_lines": [128, 129, 130], "excluded_lines": []}, "Group": {"executed_lines": [143, 144, 145, 146], "summary": {"covered_lines": 4, "num_statements": 4, "percent_covered": 100.0, "percent_covered_display": "100", "missing_lines": 0, "excluded_lines": 0}, "missing_lines": [], "excluded_lines": []}, "ProtocolConfig": {"executed_lines": [], "summary": {"covered_lines": 0, "num_statements": 0, "percent_covered": 100.0, "percent_covered_display": "100", "missing_lines": 0, "excluded_lines": 0}, "missing_lines": [], "excluded_lines": []}, "YamlConfigLoader": {"executed_lines": [169, 173, 175, 176, 178, 179, 181, 182, 183, 185, 186, 188, 189, 191, 192, 193, 198, 199, 207, 208, 209, 210, 216, 217, 218, 219, 222, 223, 224, 227, 228, 229, 230, 231, 233, 246, 248, 249, 251, 261, 266, 269, 270, 272, 276, 277, 279, 283, 286, 287, 290, 291, 293, 298, 299, 300, 302, 308, 309, 311, 312, 314, 315, 319, 324, 325, 327, 329, 331, 337, 338, 340], "summary": {"covered_lines": 72, "num_statements": 80, "percent_covered": 90.0, "percent_covered_display": "90", "missing_lines": 8, "excluded_lines": 0}, "missing_lines": [213, 253, 254, 294, 295, 320, 326, 332], "excluded_lines": []}, "": {"executed_lines": [1, 6, 7, 8, 9, 11, 13, 16, 17, 18, 20, 21, 22, 23, 26, 27, 28, 30, 31, 32, 33, 36, 37, 38, 40, 41, 42, 43, 44, 45, 46, 48, 61, 88, 95, 96, 97, 99, 102, 103, 104, 106, 107, 108, 109, 110, 111, 112, 113, 114, 115, 116, 117, 118, 119, 120, 121, 122, 123, 124, 126, 133, 134, 135, 137, 138, 139, 141, 149, 150, 151, 153, 154, 155, 156, 159, 160, 161, 162, 165, 166, 168, 171, 195, 244, 274, 281, 304, 344], "summary": {"covered_lines": 80, "num_statements": 80, "percent_covered": 100.0, "percent_covered_display": "100", "missing_lines": 0, "excluded_lines": 0}, "missing_lines": [], "excluded_lines": []}}}, "src\\yaml_field_parser.py": {"executed_lines": [1, 6, 7, 8, 9, 10, 11, 13, 15, 16, 19, 20, 22, 25, 32, 33, 50, 56, 57, 59, 61, 63, 80, 91, 92, 93, 94, 95, 99, 103, 104, 106, 107, 109, 110, 111, 113, 114, 115, 116, 117, 118, 120, 127, 130, 131, 133, 135, 137, 138, 139, 141, 143, 145, 146, 151, 152, 154, 155, 158, 159, 161, 162, 170, 172, 173, 176, 177, 178, 179, 180, 181, 186, 187, 188, 189, 192, 193, 196, 197, 198, 200, 201, 203, 206, 208, 210, 212, 213, 214, 215, 219, 223, 224, 225, 227, 230, 231, 233, 235, 239, 241, 242, 243, 245, 247, 249, 252, 253, 254, 255, 256, 257, 258, 259, 261, 263, 265, 268, 269, 270, 271, 272, 273, 274, 275, 277, 279, 281, 282, 284, 285, 286, 287, 290, 292, 294, 296, 298, 299, 300, 301, 302, 303, 304, 305, 306, 308, 310, 311, 313, 315, 316, 317, 318, 319, 320, 323, 324, 325, 327, 328, 330, 331, 332, 334, 339, 340, 342, 344, 345, 346, 347, 348, 349, 351, 352, 358, 363, 364, 367, 369, 371, 372, 374, 375, 376, 377, 379, 380, 382, 383, 389, 391, 392, 394, 395, 396, 397, 399, 400, 402, 403, 409, 415, 416, 418, 419, 420, 421, 422, 423, 424, 425, 428, 430, 431, 437, 439, 440, 441, 442, 443, 445, 447, 448, 449, 450, 452, 454, 456, 458, 459, 462, 463, 464, 465, 466, 467, 472, 473, 474, 475, 476, 478, 480, 483, 485, 486, 489, 490, 492, 495, 497, 499, 501, 502, 505, 508, 509, 512, 513, 514, 515, 517, 519, 521, 523, 525, 527, 528, 529, 532, 533, 534, 535, 537, 539, 540, 542, 543, 544, 545, 547, 549, 552, 554, 556, 558, 563, 564, 565, 566, 568], "summary": {"covered_lines": 291, "num_statements": 314, "percent_covered": 92.67515923566879, "percent_covered_display": "93", "missing_lines": 23, "excluded_lines": 0}, "missing_lines": [125, 163, 164, 165, 166, 167, 168, 183, 217, 237, 354, 355, 356, 385, 386, 387, 405, 406, 407, 433, 434, 435, 470], "excluded_lines": [], "functions": {"YamlFieldParser.__init__": {"executed_lines": [56, 57, 59], "summary": {"covered_lines": 3, "num_statements": 3, "percent_covered": 100.0, "percent_covered_display": "100", "missing_lines": 0, "excluded_lines": 0}, "missing_lines": [], "excluded_lines": []}, "YamlFieldParser._build_type_parsers": {"executed_lines": [63], "summary": {"covered_lines": 1, "num_statements": 1, "percent_covered": 100.0, "percent_covered_display": "100", "missing_lines": 0, "excluded_lines": 0}, "missing_lines": [], "excluded_lines": []}, "YamlFieldParser._get_struct": {"executed_lines": [91, 92, 93, 94, 95], "summary": {"covered_lines": 5, "num_statements": 5, "percent_covered": 100.0, "percent_covered_display": "100", "missing_lines": 0, "excluded_lines": 0}, "missing_lines": [], "excluded_lines": []}, "YamlFieldParser.parse_fields": {"executed_lines": [103, 104, 106, 107, 109, 110, 111, 113, 114, 115, 116, 117, 118, 120, 127, 130, 131, 133, 135, 137, 138, 139, 141], "summary": {"covered_lines": 23, "num_statements": 24, "percent_covered": 95.83333333333333, "percent_covered_display": "96", "missing_lines": 1, "excluded_lines": 0}, "missing_lines": [125], "excluded_lines": []}, "YamlFieldParser._parse_field": {"executed_lines": [145, 146, 151, 152, 154, 155, 158, 159, 161, 162], "summary": {"covered_lines": 10, "num_statements": 16, "percent_covered": 62.5, "percent_covered_display": "62", "missing_lines": 6, "excluded_lines": 0}, "missing_lines": [163, 164, 165, 166, 167, 168], "excluded_lines": []}, "YamlFieldParser._parse_group": {"executed_lines": [172, 173, 176, 177, 178, 179, 180, 181, 186, 187, 188, 189, 192, 193, 196, 197, 198, 200, 201, 203, 206, 208], "summary": {"covered_lines": 22, "num_statements": 23, "percent_covered": 95.65217391304348, "percent_covered_display": "96", "missing_lines": 1, "excluded_lines": 0}, "missing_lines": [183], "excluded_lines": []}, "YamlFieldParser._get_first_field_name": {"executed_lines": [212, 213, 214, 215], "summary": {"covered_lines": 4, "num_statements": 5, "percent_covered": 80.0, "percent_covered_display": "80", "missing_lines": 1, "excluded_lines": 0}, "missing_lines": [217], "excluded_lines": []}, "YamlFieldParser._calculate_field_size": {"executed_lines": [223, 224, 225, 227, 230, 231, 233, 235], "summary": {"covered_lines": 8, "num_statements": 9, "percent_covered": 88.88888888888889, "percent_covered_display": "89", "missing_lines": 1, "excluded_lines": 0}, "missing_lines": [237], "excluded_lines": []}, "YamlFieldParser._parse_by_type": {"executed_lines": [241, 242, 243, 245], "summary": {"covered_lines": 4, "num_statements": 4, "percent_covered": 100.0, "percent_covered_display": "100", "missing_lines": 0, "excluded_lines": 0}, "missing_lines": [], "excluded_lines": []}, "YamlFieldParser._parse_uint": {"executed_lines": [249, 252, 253, 254, 255, 256, 257, 258, 259, 261], "summary": {"covered_lines": 10, "num_statements": 10, "percent_covered": 100.0, "percent_covered_display": "100", "missing_lines": 0, "excluded_lines": 0}, "missing_lines": [], "excluded_lines": []}, "YamlFieldParser._parse_int": {"executed_lines": [265, 268, 269, 270, 271, 272, 273, 274, 275, 277], "summary": {"covered_lines": 10, "num_statements": 10, "percent_covered": 100.0, "percent_covered_display": "100", "missing_lines": 0, "excluded_lines": 0}, "missing_lines": [], "excluded_lines": []}, "YamlFieldParser._parse_str": {"executed_lines": [281, 282, 284, 285, 286, 287, 290], "summary": {"covered_lines": 7, "num_statements": 7, "percent_covered": 100.0, "percent_covered_display": "100", "missing_lines": 0, "excluded_lines": 0}, "missing_lines": [], "excluded_lines": []}, "YamlFieldParser._parse_hex": {"executed_lines": [294], "summary": {"covered_lines": 1, "num_statements": 1, "percent_covered": 100.0, "percent_covered_display": "100", "missing_lines": 0, "excluded_lines": 0}, "missing_lines": [], "excluded_lines": []}, "YamlFieldParser._parse_bcd": {"executed_lines": [298, 299, 300, 301, 302, 303, 304, 305, 306], "summary": {"covered_lines": 9, "num_statements": 9, "percent_covered": 100.0, "percent_covered_display": "100", "missing_lines": 0, "excluded_lines": 0}, "missing_lines": [], "excluded_lines": []}, "YamlFieldParser._parse_cp56time2a": {"executed_lines": [310, 311, 313, 315, 316, 317, 318, 319, 320, 323, 324, 325, 327, 328, 330, 331, 332], "summary": {"covered_lines": 17, "num_statements": 17, "percent_covered": 100.0, "percent_covered_display": "100", "missing_lines": 0, "excluded_lines": 0}, "missing_lines": [], "excluded_lines": []}, "YamlFieldParser._parse_bcd_time7": {"executed_lines": [339, 340, 342, 344, 345, 346, 347, 348, 349, 351, 352], "summary": {"covered_lines": 11, "num_statements": 14, "percent_covered": 78.57142857142857, "percent_covered_display": "79", "missing_lines": 3, "excluded_lines": 0}, "missing_lines": [354, 355, 356], "excluded_lines": []}, "YamlFieldParser._parse_bcd_time8": {"executed_lines": [363, 364, 367], "summary": {"covered_lines": 3, "num_statements": 3, "percent_covered": 100.0, "percent_covered_display": "100", "missing_lines": 0, "excluded_lines": 0}, "missing_lines": [], "excluded_lines": []}, "YamlFieldParser._parse_unix_time": {"executed_lines": [371, 372, 374, 375, 376, 377, 379, 380, 382, 383], "summary": {"covered_lines": 10, "num_statements": 13, "percent_covered": 76.92307692307692, "percent_covered_display": "77", "missing_lines": 3, "excluded_lines": 0}, "missing_lines": [385, 386, 387], "excluded_lines": []}, "YamlFieldParser._parse_unix_time_ms": {"executed_lines": [391, 392, 394, 395, 396, 397, 399, 400, 402, 403], "summary": {"covered_lines": 10, "num_statements": 13, "percent_covered": 76.92307692307692, "percent_covered_display": "77", "missing_lines": 3, "excluded_lines": 0}, "missing_lines": [405, 406, 407], "excluded_lines": []}, "YamlFieldParser._parse_bin_time7": {"executed_lines": [415, 416, 418, 419, 420, 421, 422, 423, 424, 425, 428, 430, 431], "summary": {"covered_lines": 13, "num_statements": 16, "percent_covered": 81.25, "percent_covered_display": "81", "missing_lines": 3, "excluded_lines": 0}, "missing_lines": [433, 434, 435], "excluded_lines": []}, "YamlFieldParser._bcd_byte_to_int": {"executed_lines": [439, 440, 441, 442, 443], "summary": {"covered_lines": 5, "num_statements": 5, "percent_covered": 100.0, "percent_covered_display": "100", "missing_lines": 0, "excluded_lines": 0}, "missing_lines": [], "excluded_lines": []}, "YamlFieldParser._bcd_to_int": {"executed_lines": [447, 448, 449, 450], "summary": {"covered_lines": 4, "num_statements": 4, "percent_covered": 100.0, "percent_covered_display": "100", "missing_lines": 0, "excluded_lines": 0}, "missing_lines": [], "excluded_lines": []}, "YamlFieldParser._parse_binary_str": {"executed_lines": [454], "summary": {"covered_lines": 1, "num_statements": 1, "percent_covered": 100.0, "percent_covered_display": "100", "missing_lines": 0, "excluded_lines": 0}, "missing_lines": [], "excluded_lines": []}, "YamlFieldParser._parse_bitset": {"executed_lines": [458, 459, 462, 463, 464, 465, 466, 467, 472, 473, 474, 475, 476, 478], "summary": {"covered_lines": 14, "num_statements": 15, "percent_covered": 93.33333333333333, "percent_covered_display": "93", "missing_lines": 1, "excluded_lines": 0}, "missing_lines": [470], "excluded_lines": []}, "YamlFieldParser._parse_bitfield": {"executed_lines": [483, 485, 486, 489, 490, 492, 495, 497, 499, 501, 502, 505, 508, 509, 512, 513, 514, 515, 517, 519, 521], "summary": {"covered_lines": 21, "num_statements": 21, "percent_covered": 100.0, "percent_covered_display": "100", "missing_lines": 0, "excluded_lines": 0}, "missing_lines": [], "excluded_lines": []}, "YamlFieldParser._bytes_to_int": {"executed_lines": [525, 527, 528, 529, 532, 533, 534, 535], "summary": {"covered_lines": 8, "num_statements": 8, "percent_covered": 100.0, "percent_covered_display": "100", "missing_lines": 0, "excluded_lines": 0}, "missing_lines": [], "excluded_lines": []}, "YamlFieldParser._get_decimal_places": {"executed_lines": [539, 540, 542, 543, 544, 545], "summary": {"covered_lines": 6, "num_statements": 6, "percent_covered": 100.0, "percent_covered_display": "100", "missing_lines": 0, "excluded_lines": 0}, "missing_lines": [], "excluded_lines": []}, "YamlFieldParser._post_process_value": {"executed_lines": [549, 552, 554, 556, 558, 563, 564, 565, 566, 568], "summary": {"covered_lines": 10, "num_statements": 10, "percent_covered": 100.0, "percent_covered_display": "100", "missing_lines": 0, "excluded_lines": 0}, "missing_lines": [], "excluded_lines": []}, "": {"executed_lines": [1, 6, 7, 8, 9, 10, 11, 13, 15, 16, 19, 20, 22, 25, 32, 33, 50, 61, 80, 99, 143, 170, 210, 219, 239, 247, 263, 279, 292, 296, 308, 334, 358, 369, 389, 409, 437, 445, 452, 456, 480, 523, 537, 547], "summary": {"covered_lines": 41, "num_statements": 41, "percent_covered": 100.0, "percent_covered_display": "100", "missing_lines": 0, "excluded_lines": 0}, "missing_lines": [], "excluded_lines": []}}, "classes": {"FieldDataMissing": {"executed_lines": [], "summary": {"covered_lines": 0, "num_statements": 0, "percent_covered": 100.0, "percent_covered_display": "100", "missing_lines": 0, "excluded_lines": 0}, "missing_lines": [], "excluded_lines": []}, "YamlFieldParser": {"executed_lines": [56, 57, 59, 63, 91, 92, 93, 94, 95, 103, 104, 106, 107, 109, 110, 111, 113, 114, 115, 116, 117, 118, 120, 127, 130, 131, 133, 135, 137, 138, 139, 141, 145, 146, 151, 152, 154, 155, 158, 159, 161, 162, 172, 173, 176, 177, 178, 179, 180, 181, 186, 187, 188, 189, 192, 193, 196, 197, 198, 200, 201, 203, 206, 208, 212, 213, 214, 215, 223, 224, 225, 227, 230, 231, 233, 235, 241, 242, 243, 245, 249, 252, 253, 254, 255, 256, 257, 258, 259, 261, 265, 268, 269, 270, 271, 272, 273, 274, 275, 277, 281, 282, 284, 285, 286, 287, 290, 294, 298, 299, 300, 301, 302, 303, 304, 305, 306, 310, 311, 313, 315, 316, 317, 318, 319, 320, 323, 324, 325, 327, 328, 330, 331, 332, 339, 340, 342, 344, 345, 346, 347, 348, 349, 351, 352, 363, 364, 367, 371, 372, 374, 375, 376, 377, 379, 380, 382, 383, 391, 392, 394, 395, 396, 397, 399, 400, 402, 403, 415, 416, 418, 419, 420, 421, 422, 423, 424, 425, 428, 430, 431, 439, 440, 441, 442, 443, 447, 448, 449, 450, 454, 458, 459, 462, 463, 464, 465, 466, 467, 472, 473, 474, 475, 476, 478, 483, 485, 486, 489, 490, 492, 495, 497, 499, 501, 502, 505, 508, 509, 512, 513, 514, 515, 517, 519, 521, 525, 527, 528, 529, 532, 533, 534, 535, 539, 540, 542, 543, 544, 545, 549, 552, 554, 556, 558, 563, 564, 565, 566, 568], "summary": {"covered_lines": 250, "num_statements": 273, "percent_covered": 91.57509157509158, "percent_covered_display": "92", "missing_lines": 23, "excluded_lines": 0}, "missing_lines": [125, 163, 164, 165, 166, 167, 168, 183, 217, 237, 354, 355, 356, 385, 386, 387, 405, 406, 407, 433, 434, 435, 470], "excluded_lines": []}, "": {"executed_lines": [1, 6, 7, 8, 9, 10, 11, 13, 15, 16, 19, 20, 22, 25, 32, 33, 50, 61, 80, 99, 143, 170, 210, 219, 239, 247, 263, 279, 292, 296, 308, 334, 358, 369, 389, 409, 437, 445, 452, 456, 480, 523, 537, 547], "summary": {"covered_lines": 41, "num_statements": 41, "percent_covered": 100.0, "percent_covered_display": "100", "missing_lines": 0, "excluded_lines": 0}, "missing_lines": [], "excluded_lines": []}}}, "src\\yaml_unified_protocol.py": {"executed_lines": [1, 6, 7, 8, 9, 10, 12, 13, 14, 15, 16, 17, 19, 22, 23, 25, 33, 34, 37, 38, 41, 44, 45, 46, 48, 51, 54, 55, 57, 63, 65, 71, 73, 75, 76, 77, 81, 87, 89, 95, 97, 103, 105, 112, 114, 116, 125, 127, 128, 130, 139, 145, 154, 156, 165, 167, 173, 174, 175, 178, 179, 180, 181, 182, 184, 188, 191, 192, 193, 194, 197, 198, 201, 202, 205, 206, 207, 208, 209, 210, 212, 213], "summary": {"covered_lines": 80, "num_statements": 87, "percent_covered": 91.95402298850574, "percent_covered_display": "92", "missing_lines": 7, "excluded_lines": 0}, "missing_lines": [78, 79, 185, 186, 215, 216, 217], "excluded_lines": [], "functions": {"YamlUnifiedProtocol.__init__": {"executed_lines": [33, 34, 37, 38, 41, 44, 45, 46, 48, 51, 54, 55], "summary": {"covered_lines": 12, "num_statements": 12, "percent_covered": 100.0, "percent_covered_display": "100", "missing_lines": 0, "excluded_lines": 0}, "missing_lines": [], "excluded_lines": []}, "YamlUnifiedProtocol.set_progress_callback": {"executed_lines": [63], "summary": {"covered_lines": 1, "num_statements": 1, "percent_covered": 100.0, "percent_covered_display": "100", "missing_lines": 0, "excluded_lines": 0}, "missing_lines": [], "excluded_lines": []}, "YamlUnifiedProtocol.set_should_stop": {"executed_lines": [71], "summary": {"covered_lines": 1, "num_statements": 1, "percent_covered": 100.0, "percent_covered_display": "100", "missing_lines": 0, "excluded_lines": 0}, "missing_lines": [], "excluded_lines": []}, "YamlUnifiedProtocol._emit_progress": {"executed_lines": [75, 76, 77], "summary": {"covered_lines": 3, "num_statements": 5, "percent_covered": 60.0, "percent_covered_display": "60", "missing_lines": 2, "excluded_lines": 0}, "missing_lines": [78, 79], "excluded_lines": []}, "YamlUnifiedProtocol._check_should_stop": {"executed_lines": [87], "summary": {"covered_lines": 1, "num_statements": 1, "percent_covered": 100.0, "percent_covered_display": "100", "missing_lines": 0, "excluded_lines": 0}, "missing_lines": [], "excluded_lines": []}, "YamlUnifiedProtocol.set_include_cmds": {"executed_lines": [95], "summary": {"covered_lines": 1, "num_statements": 1, "percent_covered": 100.0, "percent_covered_display": "100", "missing_lines": 0, "excluded_lines": 0}, "missing_lines": [], "excluded_lines": []}, "YamlUnifiedProtocol.set_exclude_cmds": {"executed_lines": [103], "summary": {"covered_lines": 1, "num_statements": 1, "percent_covered": 100.0, "percent_covered_display": "100", "missing_lines": 0, "excluded_lines": 0}, "missing_lines": [], "excluded_lines": []}, "YamlUnifiedProtocol.set_time_range": {"executed_lines": [112], "summary": {"covered_lines": 1, "num_statements": 1, "percent_covered": 100.0, "percent_covered_display": "100", "missing_lines": 0, "excluded_lines": 0}, "missing_lines": [], "excluded_lines": []}, "YamlUnifiedProtocol._reset_perf_stats": {"executed_lines": [116], "summary": {"covered_lines": 1, "num_statements": 1, "percent_covered": 100.0, "percent_covered_display": "100", "missing_lines": 0, "excluded_lines": 0}, "missing_lines": [], "excluded_lines": []}, "YamlUnifiedProtocol._record_phase": {"executed_lines": [127, 128], "summary": {"covered_lines": 2, "num_statements": 2, "percent_covered": 100.0, "percent_covered_display": "100", "missing_lines": 0, "excluded_lines": 0}, "missing_lines": [], "excluded_lines": []}, "YamlUnifiedProtocol.parse_data_content": {"executed_lines": [139], "summary": {"covered_lines": 1, "num_statements": 1, "percent_covered": 100.0, "percent_covered_display": "100", "missing_lines": 0, "excluded_lines": 0}, "missing_lines": [], "excluded_lines": []}, "YamlUnifiedProtocol.screen_parse_data": {"executed_lines": [154], "summary": {"covered_lines": 1, "num_statements": 1, "percent_covered": 100.0, "percent_covered_display": "100", "missing_lines": 0, "excluded_lines": 0}, "missing_lines": [], "excluded_lines": []}, "YamlUnifiedProtocol.extract_data_from_file": {"executed_lines": [165], "summary": {"covered_lines": 1, "num_statements": 1, "percent_covered": 100.0, "percent_covered_display": "100", "missing_lines": 0, "excluded_lines": 0}, "missing_lines": [], "excluded_lines": []}, "YamlUnifiedProtocol.run": {"executed_lines": [173, 174, 175, 178, 179, 180, 181, 182, 184, 188, 191, 192, 193, 194, 197, 198, 201, 202, 205, 206, 207, 208, 209, 210, 212, 213], "summary": {"covered_lines": 26, "num_statements": 31, "percent_covered": 83.87096774193549, "percent_covered_display": "84", "missing_lines": 5, "excluded_lines": 0}, "missing_lines": [185, 186, 215, 216, 217], "excluded_lines": []}, "": {"executed_lines": [1, 6, 7, 8, 9, 10, 12, 13, 14, 15, 16, 17, 19, 22, 23, 25, 57, 65, 73, 81, 89, 97, 105, 114, 125, 130, 145, 156, 167], "summary": {"covered_lines": 27, "num_statements": 27, "percent_covered": 100.0, "percent_covered_display": "100", "missing_lines": 0, "excluded_lines": 0}, "missing_lines": [], "excluded_lines": []}}, "classes": {"YamlUnifiedProtocol": {"executed_lines": [33, 34, 37, 38, 41, 44, 45, 46, 48, 51, 54, 55, 63, 71, 75, 76, 77, 87, 95, 103, 112, 116, 127, 128, 139, 154, 165, 173, 174, 175, 178, 179, 180, 181, 182, 184, 188, 191, 192, 193, 194, 197, 198, 201, 202, 205, 206, 207, 208, 209, 210, 212, 213], "summary": {"covered_lines": 53, "num_statements": 60, "percent_covered": 88.33333333333333, "percent_covered_display": "88", "missing_lines": 7, "excluded_lines": 0}, "missing_lines": [78, 79, 185, 186, 215, 216, 217], "excluded_lines": []}, "": {"executed_lines": [1, 6, 7, 8, 9, 10, 12, 13, 14, 15, 16, 17, 19, 22, 23, 25, 57, 65, 73, 81, 89, 97, 105, 114, 125, 130, 145, 156, 167], "summary": {"covered_lines": 27, "num_statements": 27, "percent_covered": 100.0, "percent_covered_display": "100", "missing_lines": 0, "excluded_lines": 0}, "missing_lines": [], "excluded_lines": []}}}}, "totals": {"covered_lines": 1495, "num_statements": 1644, "percent_covered": 90.93673965936739, "percent_covered_display": "91", "missing_lines": 149, "excluded_lines": 0}}